<?xml version="1.0" encoding="UTF-8"?>
<!-- Generated by org.testng.reporters.JUnitReportReporter -->
<testsuite hostname="DESKTOP-UG71NEM" failures="0" tests="1" name="TestCases.TC_01Logintest" time="35.466" errors="0" timestamp="2023-10-17T09:49:00 IST" skipped="0">
  <testcase classname="TestCases.TC_01Logintest" name="loginTest" time="35.466"/>
  <system-out/>
</testsuite> <!-- TestCases.TC_01Logintest -->
