<?xml version="1.0" encoding="UTF-8"?>
<!-- Generated by org.testng.reporters.JUnitReportReporter -->
<testsuite hostname="DESKTOP-UG71NEM" failures="0" tests="1" name="TestCases.TC_02AddCustomer" time="54.662" errors="0" timestamp="2023-10-17T08:50:30 IST" skipped="0">
  <testcase classname="TestCases.TC_02AddCustomer" name="addCustomer" time="54.662"/>
  <system-out/>
</testsuite> <!-- TestCases.TC_02AddCustomer -->
