<?xml version="1.0" encoding="UTF-8"?>
<!-- Generated by org.testng.reporters.JUnitReportReporter -->
<testsuite hostname="DESKTOP-UG71NEM" failures="0" tests="1" name="TestCases.TC_01Logintest" time="23.767" errors="0" timestamp="2023-10-17T09:42:55 IST" skipped="0">
  <testcase classname="TestCases.TC_01Logintest" name="loginTest" time="23.767"/>
  <system-out/>
</testsuite> <!-- TestCases.TC_01Logintest -->
